<?xml version="1.0" encoding="UTF-8"?>
<!-- Generated by org.testng.reporters.JUnitReportReporter -->
<testsuite skipped="0" hostname="Venkat" name="com.bu.testcases.Mypresentationstestcases" tests="1" failures="0" timestamp="26 Feb 2019 10:18:21 GMT" time="82.182" errors="0">
  <testcase name="login" time="82.182" classname="com.bu.testcases.Mypresentationstestcases"/>
</testsuite> <!-- com.bu.testcases.Mypresentationstestcases -->
