<?xml version="1.0" encoding="UTF-8"?>
<!-- Generated by org.testng.reporters.JUnitReportReporter -->
<testsuite skipped="0" hostname="Venkat" name="com.bu.testcases.Logintestcase" tests="1" failures="0" timestamp="25 Feb 2019 10:36:33 GMT" time="37.159" errors="0">
  <testcase name="login" time="37.159" classname="com.bu.testcases.Logintestcase"/>
</testsuite> <!-- com.bu.testcases.Logintestcase -->
