<?xml version="1.0" encoding="UTF-8"?>
<!-- Generated by org.testng.reporters.JUnitReportReporter -->
<testsuite skipped="0" hostname="Venkat" name="com.bu.testcases.Slidelibrarytestcase" tests="1" failures="0" timestamp="27 Feb 2019 07:13:28 GMT" time="25.045" errors="0">
  <testcase name="login" time="25.045" classname="com.bu.testcases.Slidelibrarytestcase"/>
</testsuite> <!-- com.bu.testcases.Slidelibrarytestcase -->
