<?xml version="1.0" encoding="UTF-8"?>
<!-- Generated by org.testng.reporters.JUnitReportReporter -->
<testsuite skipped="0" hostname="Venkat" name="com.bu.testcases.MySlideboxtestcases" tests="1" failures="0" timestamp="26 Feb 2019 11:43:51 GMT" time="114.750" errors="0">
  <testcase name="myslideboxtest" time="114.750" classname="com.bu.testcases.MySlideboxtestcases"/>
</testsuite> <!-- com.bu.testcases.MySlideboxtestcases -->
