<?xml version="1.0" encoding="UTF-8"?>
<!-- Generated by org.testng.reporters.JUnitReportReporter -->
<testsuite skipped="0" hostname="Venkat" name="com.bu.testcases.Groupchattestcase" tests="1" failures="0" timestamp="27 Feb 2019 08:48:22 GMT" time="107.427" errors="0">
  <testcase name="login" time="107.427" classname="com.bu.testcases.Groupchattestcase"/>
</testsuite> <!-- com.bu.testcases.Groupchattestcase -->
